<?xml version="1.0" encoding="UTF-8"?>
<testng-results skipped="0" failed="0" total="2" passed="2">
  <reporter-output>
  </reporter-output>
  <suite name="Default suite" duration-ms="8282" started-at="2015-02-15T17:11:05Z" finished-at="2015-02-15T17:11:14Z">
    <groups>
    </groups>
    <test name="Default test" duration-ms="8282" started-at="2015-02-15T17:11:05Z" finished-at="2015-02-15T17:11:14Z">
      <class name="com.example.tests.EmptyGroupCreationTest">
        <test-method status="PASS" signature="testEmptyGroupCreation()[pri:0, instance:com.example.tests.EmptyGroupCreationTest@13b6d03]" name="testEmptyGroupCreation" duration-ms="1587" started-at="2015-02-15T19:11:10Z" finished-at="2015-02-15T19:11:12Z">
          <reporter-output>
          </reporter-output>
        </test-method> <!-- testEmptyGroupCreation -->
      </class> <!-- com.example.tests.EmptyGroupCreationTest -->
      <class name="com.example.tests.TestBase">
        <test-method status="PASS" signature="setUp()[pri:0, instance:com.example.tests.TestBase@5f150435]" name="setUp" is-config="true" duration-ms="4799" started-at="2015-02-15T19:11:05Z" finished-at="2015-02-15T19:11:10Z">
          <reporter-output>
          </reporter-output>
        </test-method> <!-- setUp -->
        <test-method status="PASS" signature="tearDown()[pri:0, instance:com.example.tests.TestBase@5f150435]" name="tearDown" is-config="true" duration-ms="114" started-at="2015-02-15T19:11:14Z" finished-at="2015-02-15T19:11:14Z">
          <reporter-output>
          </reporter-output>
        </test-method> <!-- tearDown -->
      </class> <!-- com.example.tests.TestBase -->
      <class name="com.example.tests.GroupCreationTests">
        <test-method status="PASS" signature="testNonEmptyGroupCreation()[pri:0, instance:com.example.tests.GroupCreationTests@73035e27]" name="testNonEmptyGroupCreation" duration-ms="1770" started-at="2015-02-15T19:11:12Z" finished-at="2015-02-15T19:11:14Z">
          <reporter-output>
          </reporter-output>
        </test-method> <!-- testNonEmptyGroupCreation -->
      </class> <!-- com.example.tests.GroupCreationTests -->
    </test> <!-- Default test -->
  </suite> <!-- Default suite -->
</testng-results>
