<?xml version="1.0" encoding="UTF-8"?>
<testng-results skipped="0" failed="0" total="4" passed="4">
  <reporter-output>
  </reporter-output>
  <suite name="Default suite" duration-ms="15386" started-at="2015-02-15T19:55:49Z" finished-at="2015-02-15T19:56:04Z">
    <groups>
    </groups>
    <test name="Default test" duration-ms="15386" started-at="2015-02-15T19:55:49Z" finished-at="2015-02-15T19:56:04Z">
      <class name="com.example.tests.ContactCreationTest">
        <test-method status="PASS" signature="setUp()[pri:0, instance:com.example.tests.ContactCreationTest@2d6a9952]" name="setUp" is-config="true" duration-ms="6141" started-at="2015-02-15T21:55:49Z" finished-at="2015-02-15T21:55:55Z">
          <reporter-output>
          </reporter-output>
        </test-method> <!-- setUp -->
        <test-method status="PASS" signature="testEmptyContactCreation()[pri:0, instance:com.example.tests.ContactCreationTest@2d6a9952]" name="testEmptyContactCreation" duration-ms="3099" started-at="2015-02-15T21:55:55Z" finished-at="2015-02-15T21:55:58Z">
          <reporter-output>
          </reporter-output>
        </test-method> <!-- testEmptyContactCreation -->
        <test-method status="PASS" signature="testNonEmptyContactCreation()[pri:0, instance:com.example.tests.ContactCreationTest@2d6a9952]" name="testNonEmptyContactCreation" duration-ms="2910" started-at="2015-02-15T21:55:58Z" finished-at="2015-02-15T21:56:01Z">
          <reporter-output>
          </reporter-output>
        </test-method> <!-- testNonEmptyContactCreation -->
        <test-method status="PASS" signature="tearDown()[pri:0, instance:com.example.tests.ContactCreationTest@2d6a9952]" name="tearDown" is-config="true" duration-ms="156" started-at="2015-02-15T21:56:04Z" finished-at="2015-02-15T21:56:04Z">
          <reporter-output>
          </reporter-output>
        </test-method> <!-- tearDown -->
      </class> <!-- com.example.tests.ContactCreationTest -->
      <class name="com.example.tests.GroupCreationTests">
        <test-method status="PASS" signature="testEmptyGroupCreation()[pri:0, instance:com.example.tests.GroupCreationTests@64c64813]" name="testEmptyGroupCreation" duration-ms="1401" started-at="2015-02-15T21:56:01Z" finished-at="2015-02-15T21:56:02Z">
          <reporter-output>
          </reporter-output>
        </test-method> <!-- testEmptyGroupCreation -->
        <test-method status="PASS" signature="testNonEmptyGroupCreation()[pri:0, instance:com.example.tests.GroupCreationTests@64c64813]" name="testNonEmptyGroupCreation" duration-ms="1664" started-at="2015-02-15T21:56:02Z" finished-at="2015-02-15T21:56:04Z">
          <reporter-output>
          </reporter-output>
        </test-method> <!-- testNonEmptyGroupCreation -->
      </class> <!-- com.example.tests.GroupCreationTests -->
    </test> <!-- Default test -->
  </suite> <!-- Default suite -->
</testng-results>
