<?xml version="1.0" encoding="UTF-8"?>
<!-- Generated by org.testng.reporters.JUnitXMLReporter -->
<testsuite hostname="Nadya-ПК" name="Default test" tests="4" failures="0" timestamp="15 Feb 2015 19:56:04 GMT" time="15.386" errors="0">
  <testcase name="testEmptyContactCreation" time="3.099" classname="com.example.tests.ContactCreationTest"/>
  <testcase name="testNonEmptyContactCreation" time="2.91" classname="com.example.tests.ContactCreationTest"/>
  <testcase name="testEmptyGroupCreation" time="1.401" classname="com.example.tests.GroupCreationTests"/>
  <testcase name="testNonEmptyGroupCreation" time="1.664" classname="com.example.tests.GroupCreationTests"/>
</testsuite> <!-- Default test -->
